#
# There is insufficient memory for the Java Runtime Environment to continue.
# Native memory allocation (malloc) failed to allocate 186576 bytes for Chunk::new
# Possible reasons:
#   The system is out of physical RAM or swap space
#   In 32 bit mode, the process size limit was hit
# Possible solutions:
#   Reduce memory load on the system
#   Increase physical memory or swap space
#   Check if swap backing store is full
#   Use 64 bit Java on a 64 bit OS
#   Decrease Java heap size (-Xmx/-Xms)
#   Decrease number of Java threads
#   Decrease Java thread stack sizes (-Xss)
#   Set larger code cache with -XX:ReservedCodeCacheSize=
# This output file may be truncated or incomplete.
#
#  Out of Memory Error (allocation.cpp:390), pid=9540, tid=0x0000000000001f94
#
# JRE version: Java(TM) SE Runtime Environment (8.0_181-b13) (build 1.8.0_181-b13)
# Java VM: Java HotSpot(TM) 64-Bit Server VM (25.181-b13 mixed mode windows-amd64 compressed oops)
# Failed to write core dump. Minidumps are not enabled by default on client versions of Windows
#

---------------  T H R E A D  ---------------

Current thread (0x000000001d699000):  JavaThread "C2 CompilerThread0" daemon [_thread_in_native, id=8084, stack(0x000000001db20000,0x000000001dc20000)]

Stack: [0x000000001db20000,0x000000001dc20000]
[error occurred during error reporting (printing stack bounds), id 0xc0000005]

Native frames: (J=compiled Java code, j=interpreted, Vv=VM code, C=native code)


Current CompileTask:
C2: 206157 1729       4       sun.misc.JarIndex::get (49 bytes)


---------------  P R O C E S S  ---------------

Java Threads: ( => current thread )
  0x0000000004dd3800 JavaThread "DestroyJavaVM" [_thread_blocked, id=12716, stack(0x0000000004a60000,0x0000000004b60000)]
  0x000000001eccb000 JavaThread "pool-1-thread-1" [_thread_blocked, id=4084, stack(0x0000000020630000,0x0000000020730000)]
  0x000000001e5c2000 JavaThread "Abandoned connection cleanup thread" daemon [_thread_blocked, id=11316, stack(0x000000001fdf0000,0x000000001fef0000)]
  0x000000001d7ba000 JavaThread "Service Thread" daemon [_thread_blocked, id=9348, stack(0x000000001de20000,0x000000001df20000)]
  0x000000001d766000 JavaThread "C1 CompilerThread2" daemon [_thread_blocked, id=12424, stack(0x000000001dd20000,0x000000001de20000)]
  0x000000001d749000 JavaThread "C2 CompilerThread1" daemon [_thread_blocked, id=5656, stack(0x000000001dc20000,0x000000001dd20000)]
=>0x000000001d699000 JavaThread "C2 CompilerThread0" daemon [_thread_in_native, id=8084, stack(0x000000001db20000,0x000000001dc20000)]
  0x000000001bfb6000 JavaThread "Attach Listener" daemon [_thread_blocked, id=8804, stack(0x000000001d520000,0x000000001d620000)]
  0x000000001bfbb800 JavaThread "Signal Dispatcher" daemon [_thread_blocked, id=1804, stack(0x000000001d420000,0x000000001d520000)]
  0x0000000004ece000 JavaThread "Finalizer" daemon [_thread_blocked, id=12684, stack(0x000000001d220000,0x000000001d320000)]
  0x0000000004ec5000 JavaThread "Reference Handler" daemon [_thread_blocked, id=13676, stack(0x000000001d120000,0x000000001d220000)]

Other Threads:
  0x000000001bf77800 VMThread [stack: 0x000000001d020000,0x000000001d120000] [id=13688]
  0x000000001d7e3800 WatcherThread [stack: 0x000000001df20000,0x000000001e020000] [id=9272]

VM state:not at safepoint (normal execution)

VM Mutex/Monitor currently owned by a thread: None

Heap:
 PSYoungGen      total 57344K, used 42344K [0x0000000780580000, 0x0000000787580000, 0x00000007c0000000)
  eden space 49152K, 86% used [0x0000000780580000,0x0000000782eda0a0,0x0000000783580000)
  from space 8192K, 0% used [0x0000000783580000,0x0000000783580000,0x0000000783d80000)
  to   space 8192K, 0% used [0x0000000786d80000,0x0000000786d80000,0x0000000787580000)
 ParOldGen       total 65024K, used 6917K [0x0000000701000000, 0x0000000704f80000, 0x0000000780580000)
  object space 65024K, 10% used [0x0000000701000000,0x00000007016c1548,0x0000000704f80000)
 Metaspace       used 26830K, capacity 27098K, committed 27648K, reserved 1073152K
  class space    used 3408K, capacity 3513K, committed 3584K, reserved 1048576K

Card table byte_map: [0x0000000014290000,0x0000000014890000] byte_map_base: 0x0000000010a88000

Marking Bits: (ParMarkBitMap*) 0x00000000612b2d00
 Begin Bits: [0x0000000015090000, 0x0000000018050000)
 End Bits:   [0x0000000018050000, 0x000000001b010000)

Polling page: 0x0000000002e00000

CodeCache: size=245760Kb used=5846Kb max_used=5846Kb free=239913Kb
 bounds [0x0000000004ed0000, 0x0000000005490000, 0x0000000013ed0000]
 total_blobs=2236 nmethods=1728 adapters=420
 compilation: enabled

Compilation events (10 events):
Event: 1.913 Thread 0x000000001d766000 nmethod 1724 0x0000000005482750 code [0x00000000054828a0, 0x00000000054829b0]
Event: 1.913 Thread 0x000000001d749000 1725  s    4       java.util.Hashtable::get (69 bytes)
Event: 1.917 Thread 0x000000001d749000 nmethod 1725 0x0000000005481d10 code [0x0000000005481e60, 0x0000000005482478]
Event: 1.927 Thread 0x000000001d766000 1727       3       java.lang.StringBuilder::append (8 bytes)
Event: 1.927 Thread 0x000000001d766000 nmethod 1727 0x0000000005486e10 code [0x0000000005486f80, 0x0000000005487108]
Event: 1.927 Thread 0x000000001d766000 1726       3       java.util.Formatter$FormatSpecifier::justify (105 bytes)
Event: 1.928 Thread 0x000000001d766000 nmethod 1726 0x0000000005484990 code [0x0000000005484c40, 0x00000000054860d8]
Event: 166.014 Thread 0x000000001d766000 1728       3       sun.misc.URLClassPath::findResource (47 bytes)
Event: 166.014 Thread 0x000000001d766000 nmethod 1728 0x0000000005484290 code [0x0000000005484420, 0x00000000054847e8]
Event: 206.070 Thread 0x000000001d699000 1729       4       sun.misc.JarIndex::get (49 bytes)

GC Heap History (8 events):
Event: 0.517 GC heap before
{Heap before GC invocations=1 (full 0):
 PSYoungGen      total 57344K, used 49152K [0x0000000780580000, 0x0000000784580000, 0x00000007c0000000)
  eden space 49152K, 100% used [0x0000000780580000,0x0000000783580000,0x0000000783580000)
  from space 8192K, 0% used [0x0000000783d80000,0x0000000783d80000,0x0000000784580000)
  to   space 8192K, 0% used [0x0000000783580000,0x0000000783580000,0x0000000783d80000)
 ParOldGen       total 131072K, used 0K [0x0000000701000000, 0x0000000709000000, 0x0000000780580000)
  object space 131072K, 0% used [0x0000000701000000,0x0000000701000000,0x0000000709000000)
 Metaspace       used 9631K, capacity 9780K, committed 9984K, reserved 1058816K
  class space    used 1191K, capacity 1278K, committed 1280K, reserved 1048576K
Event: 0.521 GC heap after
Heap after GC invocations=1 (full 0):
 PSYoungGen      total 57344K, used 3447K [0x0000000780580000, 0x0000000784580000, 0x00000007c0000000)
  eden space 49152K, 0% used [0x0000000780580000,0x0000000780580000,0x0000000783580000)
  from space 8192K, 42% used [0x0000000783580000,0x00000007838ddc58,0x0000000783d80000)
  to   space 8192K, 0% used [0x0000000783d80000,0x0000000783d80000,0x0000000784580000)
 ParOldGen       total 131072K, used 72K [0x0000000701000000, 0x0000000709000000, 0x0000000780580000)
  object space 131072K, 0% used [0x0000000701000000,0x0000000701012010,0x0000000709000000)
 Metaspace       used 9631K, capacity 9780K, committed 9984K, reserved 1058816K
  class space    used 1191K, capacity 1278K, committed 1280K, reserved 1048576K
}
Event: 1.492 GC heap before
{Heap before GC invocations=2 (full 0):
 PSYoungGen      total 57344K, used 52599K [0x0000000780580000, 0x0000000784580000, 0x00000007c0000000)
  eden space 49152K, 100% used [0x0000000780580000,0x0000000783580000,0x0000000783580000)
  from space 8192K, 42% used [0x0000000783580000,0x00000007838ddc58,0x0000000783d80000)
  to   space 8192K, 0% used [0x0000000783d80000,0x0000000783d80000,0x0000000784580000)
 ParOldGen       total 131072K, used 72K [0x0000000701000000, 0x0000000709000000, 0x0000000780580000)
  object space 131072K, 0% used [0x0000000701000000,0x0000000701012010,0x0000000709000000)
 Metaspace       used 20551K, capacity 20838K, committed 21120K, reserved 1067008K
  class space    used 2567K, capacity 2665K, committed 2688K, reserved 1048576K
Event: 1.500 GC heap after
Heap after GC invocations=2 (full 0):
 PSYoungGen      total 57344K, used 8173K [0x0000000780580000, 0x0000000784580000, 0x00000007c0000000)
  eden space 49152K, 0% used [0x0000000780580000,0x0000000780580000,0x0000000783580000)
  from space 8192K, 99% used [0x0000000783d80000,0x000000078457b580,0x0000000784580000)
  to   space 8192K, 0% used [0x0000000783580000,0x0000000783580000,0x0000000783d80000)
 ParOldGen       total 131072K, used 2422K [0x0000000701000000, 0x0000000709000000, 0x0000000780580000)
  object space 131072K, 1% used [0x0000000701000000,0x000000070125d870,0x0000000709000000)
 Metaspace       used 20551K, capacity 20838K, committed 21120K, reserved 1067008K
  class space    used 2567K, capacity 2665K, committed 2688K, reserved 1048576K
}
Event: 1.509 GC heap before
{Heap before GC invocations=3 (full 0):
 PSYoungGen      total 57344K, used 10104K [0x0000000780580000, 0x0000000784580000, 0x00000007c0000000)
  eden space 49152K, 3% used [0x0000000780580000,0x0000000780762ce8,0x0000000783580000)
  from space 8192K, 99% used [0x0000000783d80000,0x000000078457b580,0x0000000784580000)
  to   space 8192K, 0% used [0x0000000783580000,0x0000000783580000,0x0000000783d80000)
 ParOldGen       total 131072K, used 2422K [0x0000000701000000, 0x0000000709000000, 0x0000000780580000)
  object space 131072K, 1% used [0x0000000701000000,0x000000070125d870,0x0000000709000000)
 Metaspace       used 20758K, capacity 20998K, committed 21248K, reserved 1067008K
  class space    used 2602K, capacity 2697K, committed 2816K, reserved 1048576K
Event: 1.514 GC heap after
Heap after GC invocations=3 (full 0):
 PSYoungGen      total 57344K, used 6612K [0x0000000780580000, 0x0000000787580000, 0x00000007c0000000)
  eden space 49152K, 0% used [0x0000000780580000,0x0000000780580000,0x0000000783580000)
  from space 8192K, 80% used [0x0000000783580000,0x0000000783bf5158,0x0000000783d80000)
  to   space 8192K, 0% used [0x0000000786d80000,0x0000000786d80000,0x0000000787580000)
 ParOldGen       total 131072K, used 2430K [0x0000000701000000, 0x0000000709000000, 0x0000000780580000)
  object space 131072K, 1% used [0x0000000701000000,0x000000070125f870,0x0000000709000000)
 Metaspace       used 20758K, capacity 20998K, committed 21248K, reserved 1067008K
  class space    used 2602K, capacity 2697K, committed 2816K, reserved 1048576K
}
Event: 1.514 GC heap before
{Heap before GC invocations=4 (full 1):
 PSYoungGen      total 57344K, used 6612K [0x0000000780580000, 0x0000000787580000, 0x00000007c0000000)
  eden space 49152K, 0% used [0x0000000780580000,0x0000000780580000,0x0000000783580000)
  from space 8192K, 80% used [0x0000000783580000,0x0000000783bf5158,0x0000000783d80000)
  to   space 8192K, 0% used [0x0000000786d80000,0x0000000786d80000,0x0000000787580000)
 ParOldGen       total 131072K, used 2430K [0x0000000701000000, 0x0000000709000000, 0x0000000780580000)
  object space 131072K, 1% used [0x0000000701000000,0x000000070125f870,0x0000000709000000)
 Metaspace       used 20758K, capacity 20998K, committed 21248K, reserved 1067008K
  class space    used 2602K, capacity 2697K, committed 2816K, reserved 1048576K
Event: 1.536 GC heap after
Heap after GC invocations=4 (full 1):
 PSYoungGen      total 57344K, used 0K [0x0000000780580000, 0x0000000787580000, 0x00000007c0000000)
  eden space 49152K, 0% used [0x0000000780580000,0x0000000780580000,0x0000000783580000)
  from space 8192K, 0% used [0x0000000783580000,0x0000000783580000,0x0000000783d80000)
  to   space 8192K, 0% used [0x0000000786d80000,0x0000000786d80000,0x0000000787580000)
 ParOldGen       total 65024K, used 6917K [0x0000000701000000, 0x0000000704f80000, 0x0000000780580000)
  object space 65024K, 10% used [0x0000000701000000,0x00000007016c1548,0x0000000704f80000)
 Metaspace       used 20758K, capacity 20998K, committed 21248K, reserved 1067008K
  class space    used 2602K, capacity 2697K, committed 2816K, reserved 1048576K
}

Deoptimization events (10 events):
Event: 0.933 Thread 0x0000000004dd3800 Uncommon trap: reason=null_check action=make_not_entrant pc=0x00000000050977dc method=java.lang.String.equals(Ljava/lang/Object;)Z @ 8
Event: 0.954 Thread 0x0000000004dd3800 Uncommon trap: reason=unstable_if action=reinterpret pc=0x00000000052703b8 method=java.util.HashMap.putVal(ILjava/lang/Object;Ljava/lang/Object;ZZ)Ljava/lang/Object; @ 236
Event: 0.967 Thread 0x0000000004dd3800 Uncommon trap: reason=unstable_if action=reinterpret pc=0x00000000051769fc method=java.lang.CharacterDataLatin1.isWhitespace(I)Z @ 14
Event: 1.069 Thread 0x0000000004dd3800 Uncommon trap: reason=unstable_if action=reinterpret pc=0x00000000053037ac method=java.io.ByteArrayInputStream.read([BII)I @ 63
Event: 1.073 Thread 0x0000000004dd3800 Uncommon trap: reason=unstable_if action=reinterpret pc=0x00000000052d60ec method=java.io.ByteArrayInputStream.read()I @ 8
Event: 1.074 Thread 0x0000000004dd3800 Uncommon trap: reason=unstable_if action=reinterpret pc=0x00000000051287f4 method=java.util.regex.Pattern$BmpCharProperty.match(Ljava/util/regex/Matcher;ILjava/lang/CharSequence;)Z @ 5
Event: 1.123 Thread 0x0000000004dd3800 Uncommon trap: reason=unstable_if action=reinterpret pc=0x00000000052273e0 method=java.io.WinNTFileSystem.normalize(Ljava/lang/String;)Ljava/lang/String; @ 128
Event: 1.694 Thread 0x0000000004dd3800 Uncommon trap: reason=unstable_if action=reinterpret pc=0x000000000533ac20 method=java.util.Arrays.equals([B[B)Z @ 2
Event: 1.769 Thread 0x0000000004dd3800 Uncommon trap: reason=unstable_if action=reinterpret pc=0x0000000005379c64 method=java.util.HashMap.putVal(ILjava/lang/Object;Ljava/lang/Object;ZZ)Ljava/lang/Object; @ 162
Event: 1.928 Thread 0x0000000004dd3800 Uncommon trap: reason=unstable_if action=reinterpret pc=0x00000000053ccf24 method=java.util.HashMap$HashIterator.<init>(Ljava/util/HashMap;)V @ 45

Classes redefined (0 events):
No events

Internal exceptions (10 events):
Event: 0.488 Thread 0x0000000004dd3800 Exception <a 'java/lang/ArrayIndexOutOfBoundsException'> (0x0000000783415d98) thrown at [C:\re\workspace\8-2-build-windows-amd64-cygwin\jdk8u181\11358\hotspot\src\share\vm\runtime\sharedRuntime.cpp, line 605]
Event: 0.489 Thread 0x0000000004dd3800 Exception <a 'java/lang/ArrayIndexOutOfBoundsException'> (0x00000007834197a0) thrown at [C:\re\workspace\8-2-build-windows-amd64-cygwin\jdk8u181\11358\hotspot\src\share\vm\runtime\sharedRuntime.cpp, line 605]
Event: 0.496 Thread 0x0000000004dd3800 Exception <a 'java/lang/ArrayIndexOutOfBoundsException': 79> (0x0000000783479248) thrown at [C:\re\workspace\8-2-build-windows-amd64-cygwin\jdk8u181\11358\hotspot\src\share\vm\interpreter\interpreterRuntime.cpp, line 366]
Event: 0.497 Thread 0x0000000004dd3800 Exception <a 'java/lang/ArrayIndexOutOfBoundsException': 81> (0x000000078347ae18) thrown at [C:\re\workspace\8-2-build-windows-amd64-cygwin\jdk8u181\11358\hotspot\src\share\vm\interpreter\interpreterRuntime.cpp, line 366]
Event: 0.497 Thread 0x0000000004dd3800 Exception <a 'java/lang/ArrayIndexOutOfBoundsException': 78> (0x000000078347bfa8) thrown at [C:\re\workspace\8-2-build-windows-amd64-cygwin\jdk8u181\11358\hotspot\src\share\vm\interpreter\interpreterRuntime.cpp, line 366]
Event: 0.497 Thread 0x0000000004dd3800 Exception <a 'java/lang/ArrayIndexOutOfBoundsException': 83> (0x000000078347d160) thrown at [C:\re\workspace\8-2-build-windows-amd64-cygwin\jdk8u181\11358\hotspot\src\share\vm\interpreter\interpreterRuntime.cpp, line 366]
Event: 0.497 Thread 0x0000000004dd3800 Exception <a 'java/lang/ArrayIndexOutOfBoundsException': 38> (0x000000078347ded0) thrown at [C:\re\workspace\8-2-build-windows-amd64-cygwin\jdk8u181\11358\hotspot\src\share\vm\interpreter\interpreterRuntime.cpp, line 366]
Event: 0.577 Thread 0x0000000004dd3800 Implicit null exception at 0x00000000050fa196 to 0x00000000050fa539
Event: 0.772 Thread 0x0000000004dd3800 Implicit null exception at 0x00000000050d1fd6 to 0x00000000050d2371
Event: 0.933 Thread 0x0000000004dd3800 Implicit null exception at 0x00000000050975db to 0x00000000050977cd

Events (10 events):
Event: 1.928 loading class org/hibernate/internal/util/collections/ConcurrentReferenceHashMap$HashIterator done
Event: 1.929 loading class org/hibernate/event/spi/ClearEvent
Event: 1.929 loading class org/hibernate/event/spi/ClearEvent done
Event: 1.929 loading class java/lang/Throwable$WrappedPrintStream
Event: 1.929 loading class java/lang/Throwable$WrappedPrintStream done
Event: 1.930 Thread 0x0000000004dd3800 Thread exited: 0x0000000004dd3800
Event: 1.930 Thread 0x0000000004dd3800 Thread added: 0x0000000004dd3800
Event: 4.168 Executing VM operation: EnableBiasedLocking
Event: 4.169 Executing VM operation: EnableBiasedLocking done
Event: 25.990 Thread 0x000000001d689000 Thread exited: 0x000000001d689000


Dynamic libraries:
0x00007ff756010000 - 0x00007ff756047000 	C:\Program Files\Java\jdk1.8.0_181\bin\java.exe
0x00007ffa615a0000 - 0x00007ffa61780000 	C:\WINDOWS\SYSTEM32\ntdll.dll
0x00007ffa60d20000 - 0x00007ffa60dce000 	C:\WINDOWS\System32\KERNEL32.DLL
0x00007ffa5e760000 - 0x00007ffa5e9c6000 	C:\WINDOWS\System32\KERNELBASE.dll
0x00007ffa5f580000 - 0x00007ffa5f621000 	C:\WINDOWS\System32\ADVAPI32.dll
0x00007ffa5ecd0000 - 0x00007ffa5ed6d000 	C:\WINDOWS\System32\msvcrt.dll
0x00007ffa5ec70000 - 0x00007ffa5eccb000 	C:\WINDOWS\System32\sechost.dll
0x00007ffa5ed70000 - 0x00007ffa5ee8f000 	C:\WINDOWS\System32\RPCRT4.dll
0x00007ffa5ee90000 - 0x00007ffa5f01f000 	C:\WINDOWS\System32\USER32.dll
0x00007ffa5dbf0000 - 0x00007ffa5dc10000 	C:\WINDOWS\System32\win32u.dll
0x00007ffa5f550000 - 0x00007ffa5f578000 	C:\WINDOWS\System32\GDI32.dll
0x00007ffa5d9f0000 - 0x00007ffa5db83000 	C:\WINDOWS\System32\gdi32full.dll
0x00007ffa5e9d0000 - 0x00007ffa5ea6b000 	C:\WINDOWS\System32\msvcp_win.dll
0x00007ffa5dc10000 - 0x00007ffa5dd06000 	C:\WINDOWS\System32\ucrtbase.dll
0x00007ffa505a0000 - 0x00007ffa50809000 	C:\WINDOWS\WinSxS\amd64_microsoft.windows.common-controls_6595b64144ccf1df_6.0.16299.431_none_15c7d3ee93659e73\COMCTL32.dll
0x00007ffa5f080000 - 0x00007ffa5f388000 	C:\WINDOWS\System32\combase.dll
0x00007ffa5dee0000 - 0x00007ffa5df52000 	C:\WINDOWS\System32\bcryptPrimitives.dll
0x00007ffa612a0000 - 0x00007ffa612cd000 	C:\WINDOWS\System32\IMM32.DLL
0x0000000061340000 - 0x0000000061412000 	C:\Program Files\Java\jdk1.8.0_181\jre\bin\msvcr100.dll
0x0000000060a90000 - 0x0000000061332000 	C:\Program Files\Java\jdk1.8.0_181\jre\bin\server\jvm.dll
0x00007ffa5f390000 - 0x00007ffa5f398000 	C:\WINDOWS\System32\PSAPI.DLL
0x00007ffa53810000 - 0x00007ffa53833000 	C:\WINDOWS\SYSTEM32\WINMM.dll
0x00007ffa59b50000 - 0x00007ffa59b5a000 	C:\WINDOWS\SYSTEM32\VERSION.dll
0x00007ffa54180000 - 0x00007ffa54189000 	C:\WINDOWS\SYSTEM32\WSOCK32.dll
0x00007ffa612f0000 - 0x00007ffa6135c000 	C:\WINDOWS\System32\WS2_32.dll
0x00007ffa537e0000 - 0x00007ffa5380a000 	C:\WINDOWS\SYSTEM32\winmmbase.dll
0x00007ffa5d9a0000 - 0x00007ffa5d9ea000 	C:\WINDOWS\System32\cfgmgr32.dll
0x0000000060a80000 - 0x0000000060a8f000 	C:\Program Files\Java\jdk1.8.0_181\jre\bin\verify.dll
0x0000000060a50000 - 0x0000000060a79000 	C:\Program Files\Java\jdk1.8.0_181\jre\bin\java.dll
0x0000000060920000 - 0x0000000060943000 	C:\Program Files\Java\jdk1.8.0_181\jre\bin\instrument.dll
0x0000000060a30000 - 0x0000000060a46000 	C:\Program Files\Java\jdk1.8.0_181\jre\bin\zip.dll
0x00007ffa5f880000 - 0x00007ffa60cb8000 	C:\WINDOWS\System32\SHELL32.dll
0x00007ffa61360000 - 0x00007ffa61406000 	C:\WINDOWS\System32\shcore.dll
0x00007ffa5e010000 - 0x00007ffa5e757000 	C:\WINDOWS\System32\windows.storage.dll
0x00007ffa5ec10000 - 0x00007ffa5ec61000 	C:\WINDOWS\System32\shlwapi.dll
0x00007ffa5d8f0000 - 0x00007ffa5d901000 	C:\WINDOWS\System32\kernel.appcore.dll
0x00007ffa5d950000 - 0x00007ffa5d99c000 	C:\WINDOWS\System32\powrprof.dll
0x00007ffa5d930000 - 0x00007ffa5d94b000 	C:\WINDOWS\System32\profapi.dll
0x00007ffa45aa0000 - 0x00007ffa45aba000 	C:\Program Files\JetBrains\IntelliJ IDEA 2018.1.4\bin\breakgen64.dll
0x0000000060900000 - 0x000000006091a000 	C:\Program Files\Java\jdk1.8.0_181\jre\bin\net.dll
0x00007ffa5d120000 - 0x00007ffa5d186000 	C:\WINDOWS\system32\mswsock.dll
0x00007ffa5cef0000 - 0x00007ffa5cfa6000 	C:\WINDOWS\SYSTEM32\DNSAPI.dll
0x00007ffa5f870000 - 0x00007ffa5f878000 	C:\WINDOWS\System32\NSI.dll
0x00007ffa5ceb0000 - 0x00007ffa5cee9000 	C:\WINDOWS\SYSTEM32\IPHLPAPI.DLL
0x00007ffa56ac0000 - 0x00007ffa56aca000 	C:\Windows\System32\rasadhlp.dll
0x00007ffa57000000 - 0x00007ffa57070000 	C:\WINDOWS\System32\fwpuclnt.dll
0x00007ffa5d3f0000 - 0x00007ffa5d415000 	C:\WINDOWS\SYSTEM32\bcrypt.dll
0x00000000608b0000 - 0x00000000608d4000 	C:\Program Files\Java\jdk1.8.0_181\jre\bin\sunec.dll
0x00007ffa57a50000 - 0x00007ffa57a66000 	C:\WINDOWS\SYSTEM32\dhcpcsvc6.DLL
0x00007ffa57bd0000 - 0x00007ffa57bea000 	C:\WINDOWS\SYSTEM32\dhcpcsvc.DLL
0x00000000608e0000 - 0x00000000608f1000 	C:\Program Files\Java\jdk1.8.0_181\jre\bin\nio.dll
0x00007ffa5d2e0000 - 0x00007ffa5d2f7000 	C:\WINDOWS\SYSTEM32\CRYPTSP.dll
0x00007ffa5cd20000 - 0x00007ffa5cd53000 	C:\WINDOWS\system32\rsaenh.dll
0x00007ffa5d820000 - 0x00007ffa5d849000 	C:\WINDOWS\SYSTEM32\USERENV.dll
0x00007ffa5d300000 - 0x00007ffa5d30b000 	C:\WINDOWS\SYSTEM32\CRYPTBASE.dll
0x00000000608a0000 - 0x00000000608ab000 	C:\Program Files\Java\jdk1.8.0_181\jre\bin\sunmscapi.dll
0x00007ffa5dd10000 - 0x00007ffa5dede000 	C:\WINDOWS\System32\CRYPT32.dll
0x00007ffa5d910000 - 0x00007ffa5d922000 	C:\WINDOWS\System32\MSASN1.dll

VM Arguments:
jvm_args: -javaagent:C:\Program Files\JetBrains\IntelliJ IDEA 2018.1.4\lib\idea_rt.jar=4395:C:\Program Files\JetBrains\IntelliJ IDEA 2018.1.4\bin -Dfile.encoding=UTF-8 
java_command: primer.models.Main
java_class_path (initial): C:\Program Files\Java\jdk1.8.0_181\jre\lib\charsets.jar;C:\Program Files\Java\jdk1.8.0_181\jre\lib\deploy.jar;C:\Program Files\Java\jdk1.8.0_181\jre\lib\ext\access-bridge-64.jar;C:\Program Files\Java\jdk1.8.0_181\jre\lib\ext\cldrdata.jar;C:\Program Files\Java\jdk1.8.0_181\jre\lib\ext\dnsns.jar;C:\Program Files\Java\jdk1.8.0_181\jre\lib\ext\jaccess.jar;C:\Program Files\Java\jdk1.8.0_181\jre\lib\ext\jfxrt.jar;C:\Program Files\Java\jdk1.8.0_181\jre\lib\ext\localedata.jar;C:\Program Files\Java\jdk1.8.0_181\jre\lib\ext\nashorn.jar;C:\Program Files\Java\jdk1.8.0_181\jre\lib\ext\sunec.jar;C:\Program Files\Java\jdk1.8.0_181\jre\lib\ext\sunjce_provider.jar;C:\Program Files\Java\jdk1.8.0_181\jre\lib\ext\sunmscapi.jar;C:\Program Files\Java\jdk1.8.0_181\jre\lib\ext\sunpkcs11.jar;C:\Program Files\Java\jdk1.8.0_181\jre\lib\ext\zipfs.jar;C:\Program Files\Java\jdk1.8.0_181\jre\lib\javaws.jar;C:\Program Files\Java\jdk1.8.0_181\jre\lib\jce.jar;C:\Program Files\Java\jdk1.8.0_181\jre\lib\jfr.jar;C:\Program Files\Java\jdk1.8.0_181\jre\lib\jfxswt.jar;C:\Program Files\Java\jdk1.8.0_181\jre\lib\jsse.jar;C:\Program Files\Java\jdk1.8.0_181\jre\lib\management-agent.jar;C:\Program Files\Java\jdk1.8.0_181\jre\lib\plugin.jar;C:\Program Files\Java\jdk1.8.0_181\jre\lib\resources.jar;C:\Program Files\Java\jdk1.8.0_181\jre\lib\rt.jar;E:\Java_learn\myHibernateApp\target\classes;C:\Users\Vlad\.m2\repository\mysql\mysql-connector-java\5.1.47\mysql-connector-java-5.1.47.jar;C:\Users\Vlad\.m2\repository\org\hibernate\hibernate-core\5.2.6.Final\hibernate-core-5.2.6.Final.jar;C:\Users\Vlad\.m2\repository\org\jboss\logging\jboss-logging\3.3.0.Final\jboss-logging-3.3.0.Final.jar;C:\Users\Vlad\.m2\repository\org\hibernate\javax\persistence\hibernate-jpa-2.1-api\1.0.0.Final\hibernate-jpa-2.1-api-1.0.0.Final.jar;C:\Users\Vlad\.m2\repository\org\javassist\javassist\3.20.0-GA\javassist-3.20.0-GA.jar;C:\Users\Vlad\.m2\repository\antlr\antlr\2.7.7\antlr-2.7.7.jar;C:\Users\Vlad\.m2\repos
Launcher Type: SUN_STANDARD

Environment Variables:
JAVA_HOME=C:\Program Files\Java\jdk-9.0.1
PATH=C:\ProgramData\Oracle\Java\javapath;C:\Program Files (x86)\Common Files\Intel\Shared Files\cpp\bin\Intel64;C:\WINDOWS\system32;C:\WINDOWS;C:\WINDOWS\System32\Wbem;C:\WINDOWS\System32\WindowsPowerShell\v1.0\;C:\Program Files (x86)\AMD\ATI.ACE\Core-Static;C:\Program Files (x86)\NVIDIA Corporation\PhysX\Common;C:\WINDOWS\system32;C:\WINDOWS;C:\WINDOWS\System32\Wbem;C:\WINDOWS\System32\WindowsPowerShell\v1.0\;C:\Program Files\Git\cmd;C:\Users\Vlad\AppData\Local\Microsoft\WindowsApps;C:\Users\Vlad\AppData\Local\GitHubDesktop\bin;C:\Program Files\maven\\bin;C:\Program Files\Java\jdk-9.0.1\bin;
USERNAME=Vlad
OS=Windows_NT
PROCESSOR_IDENTIFIER=Intel64 Family 6 Model 58 Stepping 9, GenuineIntel



---------------  S Y S T E M  ---------------

OS: Windows 10.0 , 64 bit Build 16299 (10.0.16299.431)

CPU:total 4 (initial active 4) (4 cores per cpu, 1 threads per core) family 6 models 58 stepping 9, cmov, cx8, fxsr, mmx, sse, sse2, sse3, ssse3, sse4.1, sse4.2, popcnt, avx, aes, clmul, erms, tsc, tscinvbit, tscinv

Memory: 4k page, physical 12516280k(5832188k free), swap 15366092k(216k free)

vm_info: Java HotSpot(TM) 64-Bit Server VM (25.181-b13) for windows-amd64 JRE (1.8.0_181-b13), built on Jul  7 2018 04:01:33 by "java_re" with MS VC++ 10.0 (VS2010)

time: Sat Aug 18 19:54:04 2018
elapsed time: 206 seconds (0d 0h 3m 26s)

